21:21:56 **** Build of configuration Debug for project ADC_driver_LCD_Temp_sensor ****
make all 
Building file: ../adc.c
Invoking: AVR Compiler
avr-gcc -Wall -g2 -gstabs -O0 -fpack-struct -fshort-enums -ffunction-sections -fdata-sections -std=gnu99 -funsigned-char -funsigned-bitfields -mmcu=atmega32 -DF_CPU=1000000UL -MMD -MP -MF"adc.d" -MT"adc.o" -c -o "adc.o" "../adc.c"
../adc.c: In function 'ADC_init':
../adc.c:21: error: invalid operands to binary & (have 'Adc_ADMUX_Type' and 'int')
../adc.c:22: error: invalid operands to binary & (have 'Adc_ADMUX_Type' and 'int')
make: *** [adc.o] Error 1
"make all" terminated with exit code 2. Build might be incomplete.
21:24:02 **** Incremental Build of configuration Debug for project ADC_driver_LCD_Temp_sensor ****
make all 
Building file: ../adc.c
Invoking: AVR Compiler
avr-gcc -Wall -g2 -gstabs -O0 -fpack-struct -fshort-enums -ffunction-sections -fdata-sections -std=gnu99 -funsigned-char -funsigned-bitfields -mmcu=atmega32 -DF_CPU=1000000UL -MMD -MP -MF"adc.d" -MT"adc.o" -c -o "adc.o" "../adc.c"
Finished building: ../adc.c
 
Building file: ../application.c
Invoking: AVR Compiler
avr-gcc -Wall -g2 -gstabs -O0 -fpack-struct -fshort-enums -ffunction-sections -fdata-sections -std=gnu99 -funsigned-char -funsigned-bitfields -mmcu=atmega32 -DF_CPU=1000000UL -MMD -MP -MF"application.d" -MT"application.o" -c -o "application.o" "../application.c"
../application.c: In function 'main':
../application.c:19: warning: pointer targets in passing argument 1 of 'LCD_displayString' differ in signedness
Finished building: ../application.c
 
Building file: ../gpio.c
Invoking: AVR Compiler
avr-gcc -Wall -g2 -gstabs -O0 -fpack-struct -fshort-enums -ffunction-sections -fdata-sections -std=gnu99 -funsigned-char -funsigned-bitfields -mmcu=atmega32 -DF_CPU=1000000UL -MMD -MP -MF"gpio.d" -MT"gpio.o" -c -o "gpio.o" "../gpio.c"
Finished building: ../gpio.c
 
Building file: ../lcd.c
Invoking: AVR Compiler
avr-gcc -Wall -g2 -gstabs -O0 -fpack-struct -fshort-enums -ffunction-sections -fdata-sections -std=gnu99 -funsigned-char -funsigned-bitfields -mmcu=atmega32 -DF_CPU=1000000UL -MMD -MP -MF"lcd.d" -MT"lcd.o" -c -o "lcd.o" "../lcd.c"
In file included from ../lcd.c:12:
c:/winavr-20100110/lib/gcc/../../avr/include/util/delay.h:90:3: warning: #warning "Compiler optimizations disabled; functions from <util/delay.h> won't work as designed"
../lcd.c: In function 'LCD_displayStringRowColumn':
../lcd.c:234: warning: pointer targets in passing argument 1 of 'LCD_displayString' differ in signedness
../lcd.c: In function 'LCD_intgerToString':
../lcd.c:247: warning: implicit declaration of function 'itoa'
../lcd.c:249: warning: pointer targets in passing argument 1 of 'LCD_displayString' differ in signedness
Finished building: ../lcd.c
 
Building file: ../lm35_sensor.c
Invoking: AVR Compiler
avr-gcc -Wall -g2 -gstabs -O0 -fpack-struct -fshort-enums -ffunction-sections -fdata-sections -std=gnu99 -funsigned-char -funsigned-bitfields -mmcu=atmega32 -DF_CPU=1000000UL -MMD -MP -MF"lm35_sensor.d" -MT"lm35_sensor.o" -c -o "lm35_sensor.o" "../lm35_sensor.c"
Finished building: ../lm35_sensor.c
 
Building target: ADC_driver_LCD_Temp_sensor.elf
Invoking: AVR C Linker
avr-gcc -Wl,-Map,ADC_driver_LCD_Temp_sensor.map -mmcu=atmega32 -o "ADC_driver_LCD_Temp_sensor.elf"  ./adc.o ./application.o ./gpio.o ./lcd.o ./lm35_sensor.o   
Finished building target: ADC_driver_LCD_Temp_sensor.elf
 
Invoking: AVR Create Extended Listing
avr-objdump -h -S ADC_driver_LCD_Temp_sensor.elf  >"ADC_driver_LCD_Temp_sensor.lss"
Finished building: ADC_driver_LCD_Temp_sensor.lss
 
Invoking: Print Size
avr-size --format=avr --mcu=atmega32 ADC_driver_LCD_Temp_sensor.elf
AVR Memory Usage
----------------
Device: atmega32

Program:    9198 bytes (28.1% Full)
(.text + .data + .bootloader)

Data:        284 bytes (13.9% Full)
(.data + .bss + .noinit)


Finished building: sizedummy
 
21:24:06 **** Incremental Build of configuration Debug for project ADC_driver_LCD_Temp_sensor ****
make all 
Invoking: Print Size
avr-size --format=avr --mcu=atmega32 ADC_driver_LCD_Temp_sensor.elf
AVR Memory Usage
----------------
Device: atmega32

Program:    9198 bytes (28.1% Full)
(.text + .data + .bootloader)

Data:        284 bytes (13.9% Full)
(.data + .bss + .noinit)


Finished building: sizedummy
 
21:25:15 **** Incremental Build of configuration Debug for project ADC_driver_LCD_Temp_sensor ****
make all 
Building file: ../application.c
Invoking: AVR Compiler
avr-gcc -Wall -g2 -gstabs -O0 -fpack-struct -fshort-enums -ffunction-sections -fdata-sections -std=gnu99 -funsigned-char -funsigned-bitfields -mmcu=atmega32 -DF_CPU=1000000UL -MMD -MP -MF"application.d" -MT"application.o" -c -o "application.o" "../application.c"
../application.c: In function 'main':
../application.c:19: warning: pointer targets in passing argument 1 of 'LCD_displayString' differ in signedness
Finished building: ../application.c
 
Building target: ADC_driver_LCD_Temp_sensor.elf
Invoking: AVR C Linker
avr-gcc -Wl,-Map,ADC_driver_LCD_Temp_sensor.map -mmcu=atmega32 -o "ADC_driver_LCD_Temp_sensor.elf"  ./adc.o ./application.o ./gpio.o ./lcd.o ./lm35_sensor.o   
Finished building target: ADC_driver_LCD_Temp_sensor.elf
 
Invoking: AVR Create Extended Listing
avr-objdump -h -S ADC_driver_LCD_Temp_sensor.elf  >"ADC_driver_LCD_Temp_sensor.lss"
Finished building: ADC_driver_LCD_Temp_sensor.lss
 
Invoking: Print Size
avr-size --format=avr --mcu=atmega32 ADC_driver_LCD_Temp_sensor.elf
AVR Memory Usage
----------------
Device: atmega32

Program:    9198 bytes (28.1% Full)
(.text + .data + .bootloader)

Data:        284 bytes (13.9% Full)
(.data + .bss + .noinit)


Finished building: sizedummy
 
21:25:50 **** Incremental Build of configuration Debug for project ADC_driver_LCD_Temp_sensor ****
make all 
Building file: ../application.c
Invoking: AVR Compiler
avr-gcc -Wall -g2 -gstabs -O0 -fpack-struct -fshort-enums -ffunction-sections -fdata-sections -std=gnu99 -funsigned-char -funsigned-bitfields -mmcu=atmega32 -DF_CPU=1000000UL -MMD -MP -MF"application.d" -MT"application.o" -c -o "application.o" "../application.c"
../application.c: In function 'main':
../application.c:19: warning: pointer targets in passing argument 1 of 'LCD_displayString' differ in signedness
Finished building: ../application.c
 
Building target: ADC_driver_LCD_Temp_sensor.elf
Invoking: AVR C Linker
avr-gcc -Wl,-Map,ADC_driver_LCD_Temp_sensor.map -mmcu=atmega32 -o "ADC_driver_LCD_Temp_sensor.elf"  ./adc.o ./application.o ./gpio.o ./lcd.o ./lm35_sensor.o   
Finished building target: ADC_driver_LCD_Temp_sensor.elf
 
Invoking: AVR Create Extended Listing
avr-objdump -h -S ADC_driver_LCD_Temp_sensor.elf  >"ADC_driver_LCD_Temp_sensor.lss"
Finished building: ADC_driver_LCD_Temp_sensor.lss
 
Invoking: Print Size
avr-size --format=avr --mcu=atmega32 ADC_driver_LCD_Temp_sensor.elf
AVR Memory Usage
----------------
Device: atmega32

Program:    9192 bytes (28.1% Full)
(.text + .data + .bootloader)

Data:        278 bytes (13.6% Full)
(.data + .bss + .noinit)


Finished building: sizedummy
 
21:40:10 **** Incremental Build of configuration Debug for project ADC_driver_LCD_Temp_sensor ****
make all 
Invoking: Print Size
avr-size --format=avr --mcu=atmega32 ADC_driver_LCD_Temp_sensor.elf
AVR Memory Usage
----------------
Device: atmega32

Program:    9192 bytes (28.1% Full)
(.text + .data + .bootloader)

Data:        278 bytes (13.6% Full)
(.data + .bss + .noinit)


Finished building: sizedummy
 
22:17:24 **** Incremental Build of configuration Debug for project ADC_driver_LCD_Temp_sensor ****
make all 
Building file: ../adc.c
Invoking: AVR Compiler
avr-gcc -Wall -g2 -gstabs -O0 -fpack-struct -fshort-enums -ffunction-sections -fdata-sections -std=gnu99 -funsigned-char -funsigned-bitfields -mmcu=atmega32 -DF_CPU=1000000UL -MMD -MP -MF"adc.d" -MT"adc.o" -c -o "adc.o" "../adc.c"
../adc.c:24: warning: return type defaults to 'int'
../adc.c: In function 'ISR':
../adc.c:24: warning: type of 'ADC_vect' defaults to 'int'
../adc.c:36: warning: control reaches end of non-void function
Finished building: ../adc.c
 
Building file: ../application.c
Invoking: AVR Compiler
avr-gcc -Wall -g2 -gstabs -O0 -fpack-struct -fshort-enums -ffunction-sections -fdata-sections -std=gnu99 -funsigned-char -funsigned-bitfields -mmcu=atmega32 -DF_CPU=1000000UL -MMD -MP -MF"application.d" -MT"application.o" -c -o "application.o" "../application.c"
../application.c: In function 'main':
../application.c:19: warning: pointer targets in passing argument 1 of 'LCD_displayString' differ in signedness
Finished building: ../application.c
 
Building file: ../gpio.c
Invoking: AVR Compiler
avr-gcc -Wall -g2 -gstabs -O0 -fpack-struct -fshort-enums -ffunction-sections -fdata-sections -std=gnu99 -funsigned-char -funsigned-bitfields -mmcu=atmega32 -DF_CPU=1000000UL -MMD -MP -MF"gpio.d" -MT"gpio.o" -c -o "gpio.o" "../gpio.c"
Finished building: ../gpio.c
 
Building file: ../lcd.c
Invoking: AVR Compiler
avr-gcc -Wall -g2 -gstabs -O0 -fpack-struct -fshort-enums -ffunction-sections -fdata-sections -std=gnu99 -funsigned-char -funsigned-bitfields -mmcu=atmega32 -DF_CPU=1000000UL -MMD -MP -MF"lcd.d" -MT"lcd.o" -c -o "lcd.o" "../lcd.c"
In file included from ../lcd.c:12:
c:/winavr-20100110/lib/gcc/../../avr/include/util/delay.h:90:3: warning: #warning "Compiler optimizations disabled; functions from <util/delay.h> won't work as designed"
../lcd.c: In function 'LCD_displayStringRowColumn':
../lcd.c:234: warning: pointer targets in passing argument 1 of 'LCD_displayString' differ in signedness
../lcd.c: In function 'LCD_intgerToString':
../lcd.c:247: warning: implicit declaration of function 'itoa'
../lcd.c:249: warning: pointer targets in passing argument 1 of 'LCD_displayString' differ in signedness
Finished building: ../lcd.c
 
Building file: ../lm35_sensor.c
Invoking: AVR Compiler
avr-gcc -Wall -g2 -gstabs -O0 -fpack-struct -fshort-enums -ffunction-sections -fdata-sections -std=gnu99 -funsigned-char -funsigned-bitfields -mmcu=atmega32 -DF_CPU=1000000UL -MMD -MP -MF"lm35_sensor.d" -MT"lm35_sensor.o" -c -o "lm35_sensor.o" "../lm35_sensor.c"
../lm35_sensor.c: In function 'LM35_getTemperature':
../lm35_sensor.c:23: error: 'adc' undeclared (first use in this function)
../lm35_sensor.c:23: error: (Each undeclared identifier is reported only once
../lm35_sensor.c:23: error: for each function it appears in.)
../lm35_sensor.c:23: error: expected ';' before '_value'
make: *** [lm35_sensor.o] Error 1
"make all" terminated with exit code 2. Build might be incomplete.
22:18:04 **** Incremental Build of configuration Debug for project ADC_driver_LCD_Temp_sensor ****
make all 
Building file: ../lm35_sensor.c
Invoking: AVR Compiler
avr-gcc -Wall -g2 -gstabs -O0 -fpack-struct -fshort-enums -ffunction-sections -fdata-sections -std=gnu99 -funsigned-char -funsigned-bitfields -mmcu=atmega32 -DF_CPU=1000000UL -MMD -MP -MF"lm35_sensor.d" -MT"lm35_sensor.o" -c -o "lm35_sensor.o" "../lm35_sensor.c"
Finished building: ../lm35_sensor.c
 
Building target: ADC_driver_LCD_Temp_sensor.elf
Invoking: AVR C Linker
avr-gcc -Wl,-Map,ADC_driver_LCD_Temp_sensor.map -mmcu=atmega32 -o "ADC_driver_LCD_Temp_sensor.elf"  ./adc.o ./application.o ./gpio.o ./lcd.o ./lm35_sensor.o   
Finished building target: ADC_driver_LCD_Temp_sensor.elf
 
Invoking: AVR Create Extended Listing
avr-objdump -h -S ADC_driver_LCD_Temp_sensor.elf  >"ADC_driver_LCD_Temp_sensor.lss"
Finished building: ADC_driver_LCD_Temp_sensor.lss
 
Invoking: Print Size
avr-size --format=avr --mcu=atmega32 ADC_driver_LCD_Temp_sensor.elf
AVR Memory Usage
----------------
Device: atmega32

Program:    9292 bytes (28.4% Full)
(.text + .data + .bootloader)

Data:        280 bytes (13.7% Full)
(.data + .bss + .noinit)


Finished building: sizedummy
 
22:19:08 **** Incremental Build of configuration Debug for project ADC_driver_LCD_Temp_sensor ****
make all 
Building file: ../application.c
Invoking: AVR Compiler
avr-gcc -Wall -g2 -gstabs -O0 -fpack-struct -fshort-enums -ffunction-sections -fdata-sections -std=gnu99 -funsigned-char -funsigned-bitfields -mmcu=atmega32 -DF_CPU=1000000UL -MMD -MP -MF"application.d" -MT"application.o" -c -o "application.o" "../application.c"
../application.c: In function 'main':
../application.c:21: warning: pointer targets in passing argument 1 of 'LCD_displayString' differ in signedness
Finished building: ../application.c
 
Building target: ADC_driver_LCD_Temp_sensor.elf
Invoking: AVR C Linker
avr-gcc -Wl,-Map,ADC_driver_LCD_Temp_sensor.map -mmcu=atmega32 -o "ADC_driver_LCD_Temp_sensor.elf"  ./adc.o ./application.o ./gpio.o ./lcd.o ./lm35_sensor.o   
Finished building target: ADC_driver_LCD_Temp_sensor.elf
 
Invoking: AVR Create Extended Listing
avr-objdump -h -S ADC_driver_LCD_Temp_sensor.elf  >"ADC_driver_LCD_Temp_sensor.lss"
Finished building: ADC_driver_LCD_Temp_sensor.lss
 
Invoking: Print Size
avr-size --format=avr --mcu=atmega32 ADC_driver_LCD_Temp_sensor.elf
AVR Memory Usage
----------------
Device: atmega32

Program:    9306 bytes (28.4% Full)
(.text + .data + .bootloader)

Data:        280 bytes (13.7% Full)
(.data + .bss + .noinit)


Finished building: sizedummy
 
22:19:11 **** Incremental Build of configuration Debug for project ADC_driver_LCD_Temp_sensor ****
make all 
Invoking: Print Size
avr-size --format=avr --mcu=atmega32 ADC_driver_LCD_Temp_sensor.elf
AVR Memory Usage
----------------
Device: atmega32

Program:    9306 bytes (28.4% Full)
(.text + .data + .bootloader)

Data:        280 bytes (13.7% Full)
(.data + .bss + .noinit)


Finished building: sizedummy
 
22:28:23 **** Incremental Build of configuration Debug for project ADC_driver_LCD_Temp_sensor ****
make all 
Building file: ../adc.c
Invoking: AVR Compiler
avr-gcc -Wall -g2 -gstabs -O0 -fpack-struct -fshort-enums -ffunction-sections -fdata-sections -std=gnu99 -funsigned-char -funsigned-bitfields -mmcu=atmega32 -DF_CPU=1000000UL -MMD -MP -MF"adc.d" -MT"adc.o" -c -o "adc.o" "../adc.c"
../adc.c: In function '__vector_16':
../adc.c:29: error: request for member 'Byte' in something not a structure or union
../adc.c:30: error: request for member 'Byte' in something not a structure or union
../adc.c: In function 'ADC_init':
../adc.c:66: error: request for member 'Bits' in something not a structure or union
../adc.c:78: error: request for member 'Bits' in something not a structure or union
../adc.c:78: error: expected identifier before numeric constant
../adc.c:89: error: request for member 'Bits' in something not a structure or union
../adc.c:89: error: expected identifier before numeric constant
../adc.c:175: error: request for member 'Byte' in something not a structure or union
../adc.c:178: error: request for member 'Byte' in something not a structure or union
../adc.c:181: error: request for member 'Byte' in something not a structure or union
../adc.c:186: error: request for member 'Byte' in something not a structure or union
../adc.c:198: error: request for member 'Bits' in something not a structure or union
../adc.c: In function 'ADC_readChannel':
../adc.c:253: error: request for member 'Byte' in something not a structure or union
../adc.c:258: error: request for member 'Byte' in something not a structure or union
../adc.c:258: error: request for member 'Byte' in something not a structure or union
../adc.c:262: error: request for member 'Bits' in something not a structure or union
../adc.c:262: error: expected identifier before numeric constant
../adc.c:264: error: request for member 'Bits' in something not a structure or union
../adc.c:264: error: expected identifier before numeric constant
../adc.c:267: error: request for member 'Bits' in something not a structure or union
../adc.c:267: error: expected identifier before numeric constant
../adc.c:273: error: request for member 'Byte' in something not a structure or union
../adc.c:274: error: request for member 'Byte' in something not a structure or union
make: *** [adc.o] Error 1
"make all" terminated with exit code 2. Build might be incomplete.
22:28:54 **** Incremental Build of configuration Debug for project ADC_driver_LCD_Temp_sensor ****
make all 
Building file: ../adc.c
Invoking: AVR Compiler
avr-gcc -Wall -g2 -gstabs -O0 -fpack-struct -fshort-enums -ffunction-sections -fdata-sections -std=gnu99 -funsigned-char -funsigned-bitfields -mmcu=atmega32 -DF_CPU=1000000UL -MMD -MP -MF"adc.d" -MT"adc.o" -c -o "adc.o" "../adc.c"
../adc.c:26: warning: return type defaults to 'int'
../adc.c: In function 'ISR':
../adc.c:26: warning: type of 'ADC_vect' defaults to 'int'
../adc.c:38: warning: control reaches end of non-void function
Finished building: ../adc.c
 
Building file: ../application.c
Invoking: AVR Compiler
avr-gcc -Wall -g2 -gstabs -O0 -fpack-struct -fshort-enums -ffunction-sections -fdata-sections -std=gnu99 -funsigned-char -funsigned-bitfields -mmcu=atmega32 -DF_CPU=1000000UL -MMD -MP -MF"application.d" -MT"application.o" -c -o "application.o" "../application.c"
../application.c: In function 'main':
../application.c:21: warning: pointer targets in passing argument 1 of 'LCD_displayString' differ in signedness
Finished building: ../application.c
 
Building file: ../gpio.c
Invoking: AVR Compiler
avr-gcc -Wall -g2 -gstabs -O0 -fpack-struct -fshort-enums -ffunction-sections -fdata-sections -std=gnu99 -funsigned-char -funsigned-bitfields -mmcu=atmega32 -DF_CPU=1000000UL -MMD -MP -MF"gpio.d" -MT"gpio.o" -c -o "gpio.o" "../gpio.c"
Finished building: ../gpio.c
 
Building file: ../lcd.c
Invoking: AVR Compiler
avr-gcc -Wall -g2 -gstabs -O0 -fpack-struct -fshort-enums -ffunction-sections -fdata-sections -std=gnu99 -funsigned-char -funsigned-bitfields -mmcu=atmega32 -DF_CPU=1000000UL -MMD -MP -MF"lcd.d" -MT"lcd.o" -c -o "lcd.o" "../lcd.c"
In file included from ../lcd.c:12:
c:/winavr-20100110/lib/gcc/../../avr/include/util/delay.h:90:3: warning: #warning "Compiler optimizations disabled; functions from <util/delay.h> won't work as designed"
../lcd.c: In function 'LCD_displayStringRowColumn':
../lcd.c:234: warning: pointer targets in passing argument 1 of 'LCD_displayString' differ in signedness
../lcd.c: In function 'LCD_intgerToString':
../lcd.c:247: warning: implicit declaration of function 'itoa'
../lcd.c:249: warning: pointer targets in passing argument 1 of 'LCD_displayString' differ in signedness
Finished building: ../lcd.c
 
Building file: ../lm35_sensor.c
Invoking: AVR Compiler
avr-gcc -Wall -g2 -gstabs -O0 -fpack-struct -fshort-enums -ffunction-sections -fdata-sections -std=gnu99 -funsigned-char -funsigned-bitfields -mmcu=atmega32 -DF_CPU=1000000UL -MMD -MP -MF"lm35_sensor.d" -MT"lm35_sensor.o" -c -o "lm35_sensor.o" "../lm35_sensor.c"
../lm35_sensor.c: In function 'LM35_getTemperature':
../lm35_sensor.c:28: error: 'g_adcResult' undeclared (first use in this function)
../lm35_sensor.c:28: error: (Each undeclared identifier is reported only once
../lm35_sensor.c:28: error: for each function it appears in.)
../lm35_sensor.c:25:1: error: unterminated #elif
../lm35_sensor.c:28: error: expected declaration or statement at end of input
../lm35_sensor.c:28: warning: control reaches end of non-void function
make: *** [lm35_sensor.o] Error 1
"make all" terminated with exit code 2. Build might be incomplete.
22:29:14 **** Incremental Build of configuration Debug for project ADC_driver_LCD_Temp_sensor ****
make all 
Building file: ../lm35_sensor.c
Invoking: AVR Compiler
avr-gcc -Wall -g2 -gstabs -O0 -fpack-struct -fshort-enums -ffunction-sections -fdata-sections -std=gnu99 -funsigned-char -funsigned-bitfields -mmcu=atmega32 -DF_CPU=1000000UL -MMD -MP -MF"lm35_sensor.d" -MT"lm35_sensor.o" -c -o "lm35_sensor.o" "../lm35_sensor.c"
../lm35_sensor.c: In function 'LM35_getTemperature':
../lm35_sensor.c:28: error: 'g_adcResult' undeclared (first use in this function)
../lm35_sensor.c:28: error: (Each undeclared identifier is reported only once
../lm35_sensor.c:28: error: for each function it appears in.)
make: *** [lm35_sensor.o] Error 1
"make all" terminated with exit code 2. Build might be incomplete.
22:29:17 **** Incremental Build of configuration Debug for project ADC_driver_LCD_Temp_sensor ****
make all 
Building file: ../lm35_sensor.c
Invoking: AVR Compiler
avr-gcc -Wall -g2 -gstabs -O0 -fpack-struct -fshort-enums -ffunction-sections -fdata-sections -std=gnu99 -funsigned-char -funsigned-bitfields -mmcu=atmega32 -DF_CPU=1000000UL -MMD -MP -MF"lm35_sensor.d" -MT"lm35_sensor.o" -c -o "lm35_sensor.o" "../lm35_sensor.c"
../lm35_sensor.c: In function 'LM35_getTemperature':
../lm35_sensor.c:28: error: 'g_adcResult' undeclared (first use in this function)
../lm35_sensor.c:28: error: (Each undeclared identifier is reported only once
../lm35_sensor.c:28: error: for each function it appears in.)
make: *** [lm35_sensor.o] Error 1
"make all" terminated with exit code 2. Build might be incomplete.
22:29:47 **** Incremental Build of configuration Debug for project ADC_driver_LCD_Temp_sensor ****
make all 
Building file: ../lm35_sensor.c
Invoking: AVR Compiler
avr-gcc -Wall -g2 -gstabs -O0 -fpack-struct -fshort-enums -ffunction-sections -fdata-sections -std=gnu99 -funsigned-char -funsigned-bitfields -mmcu=atmega32 -DF_CPU=1000000UL -MMD -MP -MF"lm35_sensor.d" -MT"lm35_sensor.o" -c -o "lm35_sensor.o" "../lm35_sensor.c"
../lm35_sensor.c:13: warning: type defaults to 'int' in declaration of 'g_adcResult'
Finished building: ../lm35_sensor.c
 
Building target: ADC_driver_LCD_Temp_sensor.elf
Invoking: AVR C Linker
avr-gcc -Wl,-Map,ADC_driver_LCD_Temp_sensor.map -mmcu=atmega32 -o "ADC_driver_LCD_Temp_sensor.elf"  ./adc.o ./application.o ./gpio.o ./lcd.o ./lm35_sensor.o   
Finished building target: ADC_driver_LCD_Temp_sensor.elf
 
Invoking: AVR Create Extended Listing
avr-objdump -h -S ADC_driver_LCD_Temp_sensor.elf  >"ADC_driver_LCD_Temp_sensor.lss"
Finished building: ADC_driver_LCD_Temp_sensor.lss
 
Invoking: Print Size
avr-size --format=avr --mcu=atmega32 ADC_driver_LCD_Temp_sensor.elf
AVR Memory Usage
----------------
Device: atmega32

Program:    9312 bytes (28.4% Full)
(.text + .data + .bootloader)

Data:        280 bytes (13.7% Full)
(.data + .bss + .noinit)


Finished building: sizedummy
 
22:31:03 **** Incremental Build of configuration Debug for project ADC_driver_LCD_Temp_sensor ****
make all 
Building file: ../lm35_sensor.c
Invoking: AVR Compiler
avr-gcc -Wall -g2 -gstabs -O0 -fpack-struct -fshort-enums -ffunction-sections -fdata-sections -std=gnu99 -funsigned-char -funsigned-bitfields -mmcu=atmega32 -DF_CPU=1000000UL -MMD -MP -MF"lm35_sensor.d" -MT"lm35_sensor.o" -c -o "lm35_sensor.o" "../lm35_sensor.c"
Finished building: ../lm35_sensor.c
 
Building target: ADC_driver_LCD_Temp_sensor.elf
Invoking: AVR C Linker
avr-gcc -Wl,-Map,ADC_driver_LCD_Temp_sensor.map -mmcu=atmega32 -o "ADC_driver_LCD_Temp_sensor.elf"  ./adc.o ./application.o ./gpio.o ./lcd.o ./lm35_sensor.o   
Finished building target: ADC_driver_LCD_Temp_sensor.elf
 
Invoking: AVR Create Extended Listing
avr-objdump -h -S ADC_driver_LCD_Temp_sensor.elf  >"ADC_driver_LCD_Temp_sensor.lss"
Finished building: ADC_driver_LCD_Temp_sensor.lss
 
Invoking: Print Size
avr-size --format=avr --mcu=atmega32 ADC_driver_LCD_Temp_sensor.elf
AVR Memory Usage
----------------
Device: atmega32

Program:    9310 bytes (28.4% Full)
(.text + .data + .bootloader)

Data:        280 bytes (13.7% Full)
(.data + .bss + .noinit)


Finished building: sizedummy
 
22:32:56 **** Incremental Build of configuration Debug for project ADC_driver_LCD_Temp_sensor ****
make all 
Building file: ../lm35_sensor.c
Invoking: AVR Compiler
avr-gcc -Wall -g2 -gstabs -O0 -fpack-struct -fshort-enums -ffunction-sections -fdata-sections -std=gnu99 -funsigned-char -funsigned-bitfields -mmcu=atmega32 -DF_CPU=1000000UL -MMD -MP -MF"lm35_sensor.d" -MT"lm35_sensor.o" -c -o "lm35_sensor.o" "../lm35_sensor.c"
Finished building: ../lm35_sensor.c
 
Building target: ADC_driver_LCD_Temp_sensor.elf
Invoking: AVR C Linker
avr-gcc -Wl,-Map,ADC_driver_LCD_Temp_sensor.map -mmcu=atmega32 -o "ADC_driver_LCD_Temp_sensor.elf"  ./adc.o ./application.o ./gpio.o ./lcd.o ./lm35_sensor.o   
Finished building target: ADC_driver_LCD_Temp_sensor.elf
 
Invoking: AVR Create Extended Listing
avr-objdump -h -S ADC_driver_LCD_Temp_sensor.elf  >"ADC_driver_LCD_Temp_sensor.lss"
Finished building: ADC_driver_LCD_Temp_sensor.lss
 
Invoking: Print Size
avr-size --format=avr --mcu=atmega32 ADC_driver_LCD_Temp_sensor.elf
AVR Memory Usage
----------------
Device: atmega32

Program:    9310 bytes (28.4% Full)
(.text + .data + .bootloader)

Data:        280 bytes (13.7% Full)
(.data + .bss + .noinit)


Finished building: sizedummy
 
22:34:42 **** Incremental Build of configuration Debug for project ADC_driver_LCD_Temp_sensor ****
make all 
Building file: ../adc.c
Invoking: AVR Compiler
avr-gcc -Wall -g2 -gstabs -O0 -fpack-struct -fshort-enums -ffunction-sections -fdata-sections -std=gnu99 -funsigned-char -funsigned-bitfields -mmcu=atmega32 -DF_CPU=1000000UL -MMD -MP -MF"adc.d" -MT"adc.o" -c -o "adc.o" "../adc.c"
../adc.c: In function '__vector_16':
../adc.c:30: error: request for member 'Byte' in something not a structure or union
../adc.c:31: error: request for member 'Byte' in something not a structure or union
../adc.c: In function 'ADC_init':
../adc.c:67: error: request for member 'Bits' in something not a structure or union
../adc.c:79: error: request for member 'Bits' in something not a structure or union
../adc.c:79: error: expected identifier before numeric constant
../adc.c:90: error: request for member 'Bits' in something not a structure or union
../adc.c:90: error: expected identifier before numeric constant
../adc.c:176: error: request for member 'Byte' in something not a structure or union
../adc.c:179: error: request for member 'Byte' in something not a structure or union
../adc.c:182: error: request for member 'Byte' in something not a structure or union
../adc.c:187: error: request for member 'Byte' in something not a structure or union
../adc.c:199: error: request for member 'Bits' in something not a structure or union
../adc.c: In function 'ADC_readChannel':
../adc.c:254: error: request for member 'Byte' in something not a structure or union
../adc.c:259: error: request for member 'Byte' in something not a structure or union
../adc.c:259: error: request for member 'Byte' in something not a structure or union
../adc.c:263: error: request for member 'Bits' in something not a structure or union
../adc.c:263: error: expected identifier before numeric constant
../adc.c:265: error: request for member 'Bits' in something not a structure or union
../adc.c:265: error: expected identifier before numeric constant
../adc.c:268: error: request for member 'Bits' in something not a structure or union
../adc.c:268: error: expected identifier before numeric constant
../adc.c:274: error: request for member 'Byte' in something not a structure or union
../adc.c:275: error: request for member 'Byte' in something not a structure or union
make: *** [adc.o] Error 1
"make all" terminated with exit code 2. Build might be incomplete.
22:37:42 **** Incremental Build of configuration Debug for project ADC_driver_LCD_Temp_sensor ****
make all 
Building file: ../adc.c
Invoking: AVR Compiler
avr-gcc -Wall -g2 -gstabs -O0 -fpack-struct -fshort-enums -ffunction-sections -fdata-sections -std=gnu99 -funsigned-char -funsigned-bitfields -mmcu=atmega32 -DF_CPU=1000000UL -MMD -MP -MF"adc.d" -MT"adc.o" -c -o "adc.o" "../adc.c"
../adc.c:26: warning: return type defaults to 'int'
../adc.c: In function 'ISR':
../adc.c:26: warning: type of 'ADC_vect' defaults to 'int'
../adc.c:38: warning: control reaches end of non-void function
Finished building: ../adc.c
 
Building file: ../application.c
Invoking: AVR Compiler
avr-gcc -Wall -g2 -gstabs -O0 -fpack-struct -fshort-enums -ffunction-sections -fdata-sections -std=gnu99 -funsigned-char -funsigned-bitfields -mmcu=atmega32 -DF_CPU=1000000UL -MMD -MP -MF"application.d" -MT"application.o" -c -o "application.o" "../application.c"
../application.c: In function 'main':
../application.c:24: warning: pointer targets in passing argument 1 of 'LCD_displayString' differ in signedness
Finished building: ../application.c
 
Building file: ../gpio.c
Invoking: AVR Compiler
avr-gcc -Wall -g2 -gstabs -O0 -fpack-struct -fshort-enums -ffunction-sections -fdata-sections -std=gnu99 -funsigned-char -funsigned-bitfields -mmcu=atmega32 -DF_CPU=1000000UL -MMD -MP -MF"gpio.d" -MT"gpio.o" -c -o "gpio.o" "../gpio.c"
Finished building: ../gpio.c
 
Building file: ../lcd.c
Invoking: AVR Compiler
avr-gcc -Wall -g2 -gstabs -O0 -fpack-struct -fshort-enums -ffunction-sections -fdata-sections -std=gnu99 -funsigned-char -funsigned-bitfields -mmcu=atmega32 -DF_CPU=1000000UL -MMD -MP -MF"lcd.d" -MT"lcd.o" -c -o "lcd.o" "../lcd.c"
In file included from ../lcd.c:12:
c:/winavr-20100110/lib/gcc/../../avr/include/util/delay.h:90:3: warning: #warning "Compiler optimizations disabled; functions from <util/delay.h> won't work as designed"
../lcd.c: In function 'LCD_displayStringRowColumn':
../lcd.c:234: warning: pointer targets in passing argument 1 of 'LCD_displayString' differ in signedness
../lcd.c: In function 'LCD_intgerToString':
../lcd.c:247: warning: implicit declaration of function 'itoa'
../lcd.c:249: warning: pointer targets in passing argument 1 of 'LCD_displayString' differ in signedness
Finished building: ../lcd.c
 
Building file: ../lm35_sensor.c
Invoking: AVR Compiler
avr-gcc -Wall -g2 -gstabs -O0 -fpack-struct -fshort-enums -ffunction-sections -fdata-sections -std=gnu99 -funsigned-char -funsigned-bitfields -mmcu=atmega32 -DF_CPU=1000000UL -MMD -MP -MF"lm35_sensor.d" -MT"lm35_sensor.o" -c -o "lm35_sensor.o" "../lm35_sensor.c"
Finished building: ../lm35_sensor.c
 
Building target: ADC_driver_LCD_Temp_sensor.elf
Invoking: AVR C Linker
avr-gcc -Wl,-Map,ADC_driver_LCD_Temp_sensor.map -mmcu=atmega32 -o "ADC_driver_LCD_Temp_sensor.elf"  ./adc.o ./application.o ./gpio.o ./lcd.o ./lm35_sensor.o   
Finished building target: ADC_driver_LCD_Temp_sensor.elf
 
Invoking: AVR Create Extended Listing
avr-objdump -h -S ADC_driver_LCD_Temp_sensor.elf  >"ADC_driver_LCD_Temp_sensor.lss"
Finished building: ADC_driver_LCD_Temp_sensor.lss
 
Invoking: Print Size
avr-size --format=avr --mcu=atmega32 ADC_driver_LCD_Temp_sensor.elf
AVR Memory Usage
----------------
Device: atmega32

Program:    9310 bytes (28.4% Full)
(.text + .data + .bootloader)

Data:        280 bytes (13.7% Full)
(.data + .bss + .noinit)


Finished building: sizedummy
 
22:38:05 **** Incremental Build of configuration Debug for project ADC_driver_LCD_Temp_sensor ****
make all 
Invoking: Print Size
avr-size --format=avr --mcu=atmega32 ADC_driver_LCD_Temp_sensor.elf
AVR Memory Usage
----------------
Device: atmega32

Program:    9310 bytes (28.4% Full)
(.text + .data + .bootloader)

Data:        280 bytes (13.7% Full)
(.data + .bss + .noinit)


Finished building: sizedummy
 
22:49:14 **** Incremental Build of configuration Debug for project ADC_driver_LCD_Temp_sensor ****
make all 
Building file: ../adc.c
Invoking: AVR Compiler
avr-gcc -Wall -g2 -gstabs -O0 -fpack-struct -fshort-enums -ffunction-sections -fdata-sections -std=gnu99 -funsigned-char -funsigned-bitfields -mmcu=atmega32 -DF_CPU=1000000UL -MMD -MP -MF"adc.d" -MT"adc.o" -c -o "adc.o" "../adc.c"
../adc.c: In function 'ADC_init':
../adc.c:49: error: invalid operands to binary & (have 'Adc_ADMUX_Type' and 'int')
../adc.c:50: error: invalid operands to binary & (have 'Adc_ADMUX_Type' and 'int')
make: *** [adc.o] Error 1
"make all" terminated with exit code 2. Build might be incomplete.
22:51:08 **** Incremental Build of configuration Debug for project ADC_driver_LCD_Temp_sensor ****
make all 
Building file: ../adc.c
Invoking: AVR Compiler
avr-gcc -Wall -g2 -gstabs -O0 -fpack-struct -fshort-enums -ffunction-sections -fdata-sections -std=gnu99 -funsigned-char -funsigned-bitfields -mmcu=atmega32 -DF_CPU=1000000UL -MMD -MP -MF"adc.d" -MT"adc.o" -c -o "adc.o" "../adc.c"
Finished building: ../adc.c
 
Building file: ../application.c
Invoking: AVR Compiler
avr-gcc -Wall -g2 -gstabs -O0 -fpack-struct -fshort-enums -ffunction-sections -fdata-sections -std=gnu99 -funsigned-char -funsigned-bitfields -mmcu=atmega32 -DF_CPU=1000000UL -MMD -MP -MF"application.d" -MT"application.o" -c -o "application.o" "../application.c"
../application.c: In function 'main':
../application.c:22: warning: pointer targets in passing argument 1 of 'LCD_displayString' differ in signedness
Finished building: ../application.c
 
Building file: ../lm35_sensor.c
Invoking: AVR Compiler
avr-gcc -Wall -g2 -gstabs -O0 -fpack-struct -fshort-enums -ffunction-sections -fdata-sections -std=gnu99 -funsigned-char -funsigned-bitfields -mmcu=atmega32 -DF_CPU=1000000UL -MMD -MP -MF"lm35_sensor.d" -MT"lm35_sensor.o" -c -o "lm35_sensor.o" "../lm35_sensor.c"
Finished building: ../lm35_sensor.c
 
Building target: ADC_driver_LCD_Temp_sensor.elf
Invoking: AVR C Linker
avr-gcc -Wl,-Map,ADC_driver_LCD_Temp_sensor.map -mmcu=atmega32 -o "ADC_driver_LCD_Temp_sensor.elf"  ./adc.o ./application.o ./gpio.o ./lcd.o ./lm35_sensor.o   
Finished building target: ADC_driver_LCD_Temp_sensor.elf
 
Invoking: AVR Create Extended Listing
avr-objdump -h -S ADC_driver_LCD_Temp_sensor.elf  >"ADC_driver_LCD_Temp_sensor.lss"
Finished building: ADC_driver_LCD_Temp_sensor.lss
 
Invoking: Print Size
avr-size --format=avr --mcu=atmega32 ADC_driver_LCD_Temp_sensor.elf
AVR Memory Usage
----------------
Device: atmega32

Program:    9208 bytes (28.1% Full)
(.text + .data + .bootloader)

Data:        278 bytes (13.6% Full)
(.data + .bss + .noinit)


Finished building: sizedummy
 
22:51:17 **** Incremental Build of configuration Debug for project ADC_driver_LCD_Temp_sensor ****
make all 
Invoking: Print Size
avr-size --format=avr --mcu=atmega32 ADC_driver_LCD_Temp_sensor.elf
AVR Memory Usage
----------------
Device: atmega32

Program:    9208 bytes (28.1% Full)
(.text + .data + .bootloader)

Data:        278 bytes (13.6% Full)
(.data + .bss + .noinit)


Finished building: sizedummy
 
